<?xml version="1.0" encoding="UTF-8"?>
<testng-results skipped="0" failed="1" total="7" passed="6">
  <reporter-output>
  </reporter-output>
  <suite name="Suite1" duration-ms="381" started-at="2016-05-02T23:47:08Z" finished-at="2016-05-02T23:47:09Z">
    <groups>
    </groups>
    <test name="AddPhotoTest" duration-ms="61" started-at="2016-05-02T23:47:08Z" finished-at="2016-05-02T23:47:08Z">
      <class name="TestNGTests.AddPhotoTest">
        <test-method status="PASS" signature="beforeTest()[pri:0, instance:TestNGTests.AddPhotoTest@659a1fae]" name="beforeTest" is-config="true" duration-ms="11" started-at="2016-05-02T16:47:08Z" finished-at="2016-05-02T16:47:08Z">
          <reporter-output>
          </reporter-output>
        </test-method> <!-- beforeTest -->
        <test-method status="PASS" signature="f()[pri:0, instance:TestNGTests.AddPhotoTest@659a1fae]" name="f" duration-ms="30" started-at="2016-05-02T16:47:08Z" finished-at="2016-05-02T16:47:08Z">
          <reporter-output>
          </reporter-output>
        </test-method> <!-- f -->
        <test-method status="PASS" signature="afterTest()[pri:0, instance:TestNGTests.AddPhotoTest@659a1fae]" name="afterTest" is-config="true" duration-ms="0" started-at="2016-05-02T16:47:08Z" finished-at="2016-05-02T16:47:08Z">
          <reporter-output>
          </reporter-output>
        </test-method> <!-- afterTest -->
      </class> <!-- TestNGTests.AddPhotoTest -->
    </test> <!-- AddPhotoTest -->
    <test name="CreateAlbumTest" duration-ms="10" started-at="2016-05-02T23:47:09Z" finished-at="2016-05-02T23:47:09Z">
      <class name="TestNGTests.CreateAlbumTest">
        <test-method status="PASS" signature="f()[pri:0, instance:TestNGTests.CreateAlbumTest@56f4defc]" name="f" duration-ms="0" started-at="2016-05-02T16:47:09Z" finished-at="2016-05-02T16:47:09Z">
          <reporter-output>
          </reporter-output>
        </test-method> <!-- f -->
        <test-method status="PASS" signature="beforeTest()[pri:0, instance:TestNGTests.CreateAlbumTest@56f4defc]" name="beforeTest" is-config="true" duration-ms="0" started-at="2016-05-02T16:47:09Z" finished-at="2016-05-02T16:47:09Z">
          <reporter-output>
          </reporter-output>
        </test-method> <!-- beforeTest -->
      </class> <!-- TestNGTests.CreateAlbumTest -->
    </test> <!-- CreateAlbumTest -->
    <test name="FindPhotoInAlbumTest" duration-ms="10" started-at="2016-05-02T23:47:09Z" finished-at="2016-05-02T23:47:09Z">
      <class name="TestNGTests.FindPhotoInAlbumTest">
        <test-method status="PASS" signature="f()[pri:0, instance:TestNGTests.FindPhotoInAlbumTest@3d4038ba]" name="f" duration-ms="10" started-at="2016-05-02T16:47:09Z" finished-at="2016-05-02T16:47:09Z">
          <reporter-output>
          </reporter-output>
        </test-method> <!-- f -->
      </class> <!-- TestNGTests.FindPhotoInAlbumTest -->
    </test> <!-- FindPhotoInAlbumTest -->
    <test name="GetAlbumsTest" duration-ms="10" started-at="2016-05-02T23:47:09Z" finished-at="2016-05-02T23:47:09Z">
      <class name="TestNGTests.GetAlbumsTest">
        <test-method status="PASS" signature="f()[pri:0, instance:TestNGTests.GetAlbumsTest@6bad9256]" name="f" duration-ms="10" started-at="2016-05-02T16:47:09Z" finished-at="2016-05-02T16:47:09Z">
          <reporter-output>
          </reporter-output>
        </test-method> <!-- f -->
      </class> <!-- TestNGTests.GetAlbumsTest -->
    </test> <!-- GetAlbumsTest -->
    <test name="GetUserTest" duration-ms="10" started-at="2016-05-02T23:47:09Z" finished-at="2016-05-02T23:47:09Z">
      <class name="TestNGTests.GetUserTest">
        <test-method status="PASS" signature="beforeTest()[pri:0, instance:TestNGTests.GetUserTest@373bb3ec]" name="beforeTest" is-config="true" duration-ms="0" started-at="2016-05-02T16:47:09Z" finished-at="2016-05-02T16:47:09Z">
          <reporter-output>
          </reporter-output>
        </test-method> <!-- beforeTest -->
        <test-method status="PASS" signature="afterTest()[pri:0, instance:TestNGTests.GetUserTest@373bb3ec]" name="afterTest" is-config="true" duration-ms="0" started-at="2016-05-02T16:47:09Z" finished-at="2016-05-02T16:47:09Z">
          <reporter-output>
          </reporter-output>
        </test-method> <!-- afterTest -->
        <test-method status="PASS" signature="f()[pri:0, instance:TestNGTests.GetUserTest@373bb3ec]" name="f" duration-ms="0" started-at="2016-05-02T16:47:09Z" finished-at="2016-05-02T16:47:09Z">
          <reporter-output>
          </reporter-output>
        </test-method> <!-- f -->
      </class> <!-- TestNGTests.GetUserTest -->
    </test> <!-- GetUserTest -->
    <test name="RemovePhotoTest" duration-ms="10" started-at="2016-05-02T23:47:09Z" finished-at="2016-05-02T23:47:09Z">
      <class name="TestNGTests.RemovePhotoTest">
        <test-method status="PASS" signature="BeforeTest()[pri:0, instance:TestNGTests.RemovePhotoTest@35e62c83]" name="BeforeTest" is-config="true" duration-ms="0" started-at="2016-05-02T16:47:09Z" finished-at="2016-05-02T16:47:09Z">
          <reporter-output>
          </reporter-output>
        </test-method> <!-- BeforeTest -->
        <test-method status="FAIL" signature="f()[pri:0, instance:TestNGTests.RemovePhotoTest@35e62c83]" name="f" duration-ms="0" started-at="2016-05-02T16:47:09Z" finished-at="2016-05-02T16:47:09Z">
          <exception class="java.lang.NullPointerException">
            <full-stacktrace>
              <![CDATA[java.lang.NullPointerException
	at cs684.photoAlbum.control.Control.removePhoto(Control.java:144)
	at TestNGTests.RemovePhotoTest.f(RemovePhotoTest.java:31)
	at sun.reflect.NativeMethodAccessorImpl.invoke0(Native Method)
	at sun.reflect.NativeMethodAccessorImpl.invoke(Unknown Source)
	at sun.reflect.DelegatingMethodAccessorImpl.invoke(Unknown Source)
	at java.lang.reflect.Method.invoke(Unknown Source)
	at org.testng.internal.MethodInvocationHelper.invokeMethod(MethodInvocationHelper.java:86)
	at org.testng.internal.Invoker.invokeMethod(Invoker.java:646)
	at org.testng.internal.Invoker.invokeTestMethod(Invoker.java:823)
	at org.testng.internal.Invoker.invokeTestMethods(Invoker.java:1131)
	at org.testng.internal.TestMethodWorker.invokeTestMethods(TestMethodWorker.java:129)
	at org.testng.internal.TestMethodWorker.run(TestMethodWorker.java:112)
	at org.testng.TestRunner.privateRun(TestRunner.java:778)
	at org.testng.TestRunner.run(TestRunner.java:632)
	at org.testng.SuiteRunner.runTest(SuiteRunner.java:366)
	at org.testng.SuiteRunner.runSequentially(SuiteRunner.java:361)
	at org.testng.SuiteRunner.privateRun(SuiteRunner.java:319)
	at org.testng.SuiteRunner.run(SuiteRunner.java:268)
	at org.testng.SuiteRunnerWorker.runSuite(SuiteRunnerWorker.java:52)
	at org.testng.SuiteRunnerWorker.run(SuiteRunnerWorker.java:86)
	at org.testng.TestNG.runSuitesSequentially(TestNG.java:1225)
	at org.testng.TestNG.runSuitesLocally(TestNG.java:1150)
	at org.testng.TestNG.runSuites(TestNG.java:1075)
	at org.testng.TestNG.run(TestNG.java:1047)
	at org.testng.remote.AbstractRemoteTestNG.run(AbstractRemoteTestNG.java:126)
	at org.testng.remote.RemoteTestNG.initAndRun(RemoteTestNG.java:137)
	at org.testng.remote.RemoteTestNG.main(RemoteTestNG.java:58)
]]>
            </full-stacktrace>
          </exception> <!-- java.lang.NullPointerException -->
          <reporter-output>
          </reporter-output>
        </test-method> <!-- f -->
      </class> <!-- TestNGTests.RemovePhotoTest -->
    </test> <!-- RemovePhotoTest -->
    <test name="WriteUserTest" duration-ms="30" started-at="2016-05-02T23:47:09Z" finished-at="2016-05-02T23:47:09Z">
      <class name="TestNGTests.WriteUserTest">
        <test-method status="PASS" signature="f()[pri:0, instance:TestNGTests.WriteUserTest@9b6dce3]" name="f" duration-ms="30" started-at="2016-05-02T16:47:09Z" finished-at="2016-05-02T16:47:09Z">
          <reporter-output>
          </reporter-output>
        </test-method> <!-- f -->
      </class> <!-- TestNGTests.WriteUserTest -->
    </test> <!-- WriteUserTest -->
  </suite> <!-- Suite1 -->
</testng-results>
