<?xml version="1.0" encoding="UTF-8"?>
<!-- Generated by org.testng.reporters.JUnitXMLReporter -->
<testsuite hostname="Avi-E6410" name="RemovePhotoTest" tests="1" failures="1" timestamp="2 May 2016 23:47:09 GMT" time="0.01" errors="0">
  <testcase name="f" time="0.0" classname="TestNGTests.RemovePhotoTest">
    <failure type="java.lang.NullPointerException">
      <![CDATA[java.lang.NullPointerException
	at cs684.photoAlbum.control.Control.removePhoto(Control.java:144)
	at TestNGTests.RemovePhotoTest.f(RemovePhotoTest.java:31)
... Removed 25 stack frames]]>
    </failure>
  </testcase> <!-- f -->
</testsuite> <!-- RemovePhotoTest -->
