<?xml version="1.0" encoding="UTF-8"?>
<testng-results skipped="0" failed="0" total="1" passed="1">
  <reporter-output>
  </reporter-output>
  <suite name="Default suite" duration-ms="49" started-at="2016-04-11T05:19:49Z" finished-at="2016-04-11T05:19:49Z">
    <groups>
    </groups>
    <test name="Default test" duration-ms="49" started-at="2016-04-11T05:19:49Z" finished-at="2016-04-11T05:19:49Z">
      <class name="fi.test.NewTest">
        <test-method status="PASS" signature="f()[pri:0, instance:fi.test.NewTest@347db7e6]" name="f" duration-ms="17" started-at="2016-04-10T22:19:49Z" finished-at="2016-04-10T22:19:49Z">
          <reporter-output>
          </reporter-output>
        </test-method> <!-- f -->
      </class> <!-- fi.test.NewTest -->
    </test> <!-- Default test -->
  </suite> <!-- Default suite -->
</testng-results>
